  [1m[35m (0.1ms)[0m  [1m[34mSELECT sqlite_version(*)[0m
  [1m[35m (2.5ms)[0m  [1m[35mCREATE TABLE "schema_migrations" ("version" varchar NOT NULL PRIMARY KEY)[0m
  [1m[35m (1.6ms)[0m  [1m[35mCREATE TABLE "ar_internal_metadata" ("key" varchar NOT NULL PRIMARY KEY, "value" varchar, "created_at" datetime NOT NULL, "updated_at" datetime NOT NULL)[0m
  [1m[35m (0.1ms)[0m  [1m[34mSELECT "schema_migrations"."version" FROM "schema_migrations" ORDER BY "schema_migrations"."version" ASC[0m
Migrating to CreateBooks (20191108021508)
  [1m[35m (0.0ms)[0m  [1m[36mbegin transaction[0m
  [1m[35m (0.3ms)[0m  [1m[35mCREATE TABLE "books" ("id" INTEGER PRIMARY KEY AUTOINCREMENT NOT NULL, "title" varchar, "memo" text, "created_at" datetime NOT NULL, "updated_at" datetime NOT NULL)[0m
  [1m[35mSQL (0.1ms)[0m  [1m[32mINSERT INTO "schema_migrations" ("version") VALUES (?)[0m  [["version", "20191108021508"]]
  [1m[35m (1.2ms)[0m  [1m[36mcommit transaction[0m
  [1m[36mActiveRecord::InternalMetadata Load (0.1ms)[0m  [1m[34mSELECT  "ar_internal_metadata".* FROM "ar_internal_metadata" WHERE "ar_internal_metadata"."key" = ? LIMIT ?[0m  [["key", "environment"], ["LIMIT", 1]]
  [1m[35m (0.0ms)[0m  [1m[36mbegin transaction[0m
  [1m[35mSQL (0.2ms)[0m  [1m[32mINSERT INTO "ar_internal_metadata" ("key", "value", "created_at", "updated_at") VALUES (?, ?, ?, ?)[0m  [["key", "environment"], ["value", "development"], ["created_at", "2019-11-08 02:15:17.970679"], ["updated_at", "2019-11-08 02:15:17.970679"]]
  [1m[35m (0.9ms)[0m  [1m[36mcommit transaction[0m
  [1m[35m (0.1ms)[0m  [1m[34mSELECT "schema_migrations"."version" FROM "schema_migrations" ORDER BY "schema_migrations"."version" ASC[0m
Started GET "/books" for ::1 at 2019-11-08 11:15:31 +0900
  [1m[35m (0.1ms)[0m  [1m[34mSELECT "schema_migrations"."version" FROM "schema_migrations" ORDER BY "schema_migrations"."version" ASC[0m
Processing by BooksController#index as HTML
  Rendering books/index.html.erb within layouts/application
  [1m[36mBook Load (0.1ms)[0m  [1m[34mSELECT "books".* FROM "books"[0m
  Rendered books/index.html.erb within layouts/application (2.1ms)
Completed 200 OK in 774ms (Views: 762.9ms | ActiveRecord: 0.3ms)


Started GET "/books/new" for ::1 at 2019-11-08 11:15:47 +0900
Processing by BooksController#new as HTML
  Rendering books/new.html.erb within layouts/application
  Rendered books/_form.html.erb (13.0ms)
  Rendered books/new.html.erb within layouts/application (14.4ms)
Completed 200 OK in 32ms (Views: 22.3ms | ActiveRecord: 0.7ms)


Started POST "/books" for ::1 at 2019-11-08 11:16:27 +0900
Processing by BooksController#create as HTML
  Parameters: {"utf8"=>"âœ“", "authenticity_token"=>"jF5Ws/u5ZKuMsc/SJByQRdqPi1mPkL0qsD4FHyMd9xVG/ATeoo+CUWCdnGk+WFN5O8RAvo9xY0yfNvNKinuSzQ==", "book"=>{"title"=>"å››æœˆã¯å›ã®å˜˜", "memo"=>"ãƒ”ã‚¢ãƒ‹ã‚¹ãƒˆã®ãƒã‚¤ã‚ªãƒªãƒ‹ã‚¹ãƒˆ"}, "commit"=>"Create Book"}
  [1m[35m (0.1ms)[0m  [1m[36mbegin transaction[0m
  [1m[35mSQL (0.8ms)[0m  [1m[32mINSERT INTO "books" ("title", "memo", "created_at", "updated_at") VALUES (?, ?, ?, ?)[0m  [["title", "å››æœˆã¯å›ã®å˜˜"], ["memo", "ãƒ”ã‚¢ãƒ‹ã‚¹ãƒˆã®ãƒã‚¤ã‚ªãƒªãƒ‹ã‚¹ãƒˆ"], ["created_at", "2019-11-08 02:16:27.917028"], ["updated_at", "2019-11-08 02:16:27.917028"]]
  [1m[35m (1.5ms)[0m  [1m[36mcommit transaction[0m
Redirected to http://localhost:3000/books/1
Completed 302 Found in 7ms (ActiveRecord: 2.3ms)


Started GET "/books/1" for ::1 at 2019-11-08 11:16:27 +0900
Processing by BooksController#show as HTML
  Parameters: {"id"=>"1"}
  [1m[36mBook Load (0.2ms)[0m  [1m[34mSELECT  "books".* FROM "books" WHERE "books"."id" = ? LIMIT ?[0m  [["id", 1], ["LIMIT", 1]]
  Rendering books/show.html.erb within layouts/application
  Rendered books/show.html.erb within layouts/application (1.9ms)
Completed 200 OK in 19ms (Views: 14.3ms | ActiveRecord: 0.2ms)


Started GET "/books" for ::1 at 2019-11-08 11:16:51 +0900
Processing by BooksController#index as HTML
  Rendering books/index.html.erb within layouts/application
  [1m[36mBook Load (0.2ms)[0m  [1m[34mSELECT "books".* FROM "books"[0m
  Rendered books/index.html.erb within layouts/application (1.9ms)
Completed 200 OK in 56ms (Views: 54.2ms | ActiveRecord: 0.2ms)


Started GET "/rails/info/routes" for ::1 at 2019-11-08 11:20:50 +0900
Processing by Rails::InfoController#routes as HTML
  Rendering /Users/shintaniryouhei/.rbenv/versions/2.6.3/lib/ruby/gems/2.6.0/gems/railties-5.1.7/lib/rails/templates/rails/info/routes.html.erb within layouts/application
  Rendered collection of /Users/shintaniryouhei/.rbenv/versions/2.6.3/lib/ruby/gems/2.6.0/gems/actionpack-5.1.7/lib/action_dispatch/middleware/templates/routes/_route.html.erb [8 times] (36.2ms)
  Rendered /Users/shintaniryouhei/.rbenv/versions/2.6.3/lib/ruby/gems/2.6.0/gems/actionpack-5.1.7/lib/action_dispatch/middleware/templates/routes/_table.html.erb (2.1ms)
  Rendered /Users/shintaniryouhei/.rbenv/versions/2.6.3/lib/ruby/gems/2.6.0/gems/railties-5.1.7/lib/rails/templates/rails/info/routes.html.erb within layouts/application (43.2ms)
Completed 200 OK in 49ms (Views: 47.3ms | ActiveRecord: 0.0ms)


Started GET "/books/new" for ::1 at 2019-11-08 11:23:55 +0900
  [1m[35m (0.1ms)[0m  [1m[34mSELECT "schema_migrations"."version" FROM "schema_migrations" ORDER BY "schema_migrations"."version" ASC[0m
Processing by BooksController#new as HTML
  Rendering books/new.html.erb within layouts/application
  Rendered books/_form.html.erb (14.1ms)
  Rendered books/new.html.erb within layouts/application (16.5ms)
Completed 200 OK in 216ms (Views: 201.0ms | ActiveRecord: 0.6ms)


Started POST "/books" for ::1 at 2019-11-08 11:25:21 +0900
Processing by BooksController#create as HTML
  Parameters: {"utf8"=>"âœ“", "authenticity_token"=>"rAX9bW/vbfGey03QII0rOaW3WzW2HDFZXvaQtdshAkxmp68ANtmLC3LnHms6yegFRPyQ0rb97z9x/mbgckdnlA==", "book"=>{"title"=>"ãƒ‰ãƒ©ãˆã‚‚ã‚“", "memo"=>"æ©Ÿä¼š"}, "commit"=>"Create Book"}
  [1m[35m (0.0ms)[0m  [1m[36mbegin transaction[0m
  [1m[35mSQL (0.4ms)[0m  [1m[32mINSERT INTO "books" ("title", "memo", "created_at", "updated_at") VALUES (?, ?, ?, ?)[0m  [["title", "ãƒ‰ãƒ©ãˆã‚‚ã‚“"], ["memo", "æ©Ÿä¼š"], ["created_at", "2019-11-08 02:25:21.584830"], ["updated_at", "2019-11-08 02:25:21.584830"]]
  [1m[35m (1.1ms)[0m  [1m[36mcommit transaction[0m
Redirected to http://localhost:3000/books/2
Completed 302 Found in 5ms (ActiveRecord: 1.7ms)


Started GET "/books/2" for ::1 at 2019-11-08 11:25:21 +0900
Processing by BooksController#show as HTML
  Parameters: {"id"=>"2"}
  [1m[36mBook Load (0.2ms)[0m  [1m[34mSELECT  "books".* FROM "books" WHERE "books"."id" = ? LIMIT ?[0m  [["id", 2], ["LIMIT", 1]]
  Rendering books/show.html.erb within layouts/application
  Rendered books/show.html.erb within layouts/application (0.6ms)
Completed 200 OK in 23ms (Views: 17.1ms | ActiveRecord: 0.2ms)


Started GET "/books/2/edit" for ::1 at 2019-11-08 11:25:34 +0900
Processing by BooksController#edit as HTML
  Parameters: {"id"=>"2"}
  [1m[36mBook Load (0.3ms)[0m  [1m[34mSELECT  "books".* FROM "books" WHERE "books"."id" = ? LIMIT ?[0m  [["id", 2], ["LIMIT", 1]]
  Rendering books/edit.html.erb within layouts/application
  Rendered books/_form.html.erb (2.9ms)
  Rendered books/edit.html.erb within layouts/application (7.1ms)
Completed 200 OK in 22ms (Views: 18.4ms | ActiveRecord: 0.3ms)


Started PATCH "/books/2" for ::1 at 2019-11-08 11:25:36 +0900
Processing by BooksController#update as HTML
  Parameters: {"utf8"=>"âœ“", "authenticity_token"=>"/JGnqQi1/055RN2fFLf7ul68GRSBqkEZ8+/VArDbjpHq+lTAIPfdOOH1XCzLT6S40DpxWBV6KfGW9Tbk+fC1eA==", "book"=>{"title"=>"ãƒ‰ãƒ©ãˆã‚‚ã‚“", "memo"=>"æ©Ÿä¼š"}, "commit"=>"Update Book", "id"=>"2"}
  [1m[36mBook Load (0.2ms)[0m  [1m[34mSELECT  "books".* FROM "books" WHERE "books"."id" = ? LIMIT ?[0m  [["id", 2], ["LIMIT", 1]]
  [1m[35m (0.1ms)[0m  [1m[36mbegin transaction[0m
  [1m[35m (0.1ms)[0m  [1m[36mcommit transaction[0m
Redirected to http://localhost:3000/books/2
Completed 302 Found in 7ms (ActiveRecord: 0.4ms)


Started GET "/books/2" for ::1 at 2019-11-08 11:25:36 +0900
Processing by BooksController#show as HTML
  Parameters: {"id"=>"2"}
  [1m[36mBook Load (0.1ms)[0m  [1m[34mSELECT  "books".* FROM "books" WHERE "books"."id" = ? LIMIT ?[0m  [["id", 2], ["LIMIT", 1]]
  Rendering books/show.html.erb within layouts/application
  Rendered books/show.html.erb within layouts/application (0.5ms)
Completed 200 OK in 10ms (Views: 8.6ms | ActiveRecord: 0.1ms)


Started GET "/books" for ::1 at 2019-11-08 11:25:37 +0900
Processing by BooksController#index as HTML
  Rendering books/index.html.erb within layouts/application
  [1m[36mBook Load (0.2ms)[0m  [1m[34mSELECT "books".* FROM "books"[0m
  Rendered books/index.html.erb within layouts/application (2.6ms)
Completed 200 OK in 16ms (Views: 12.0ms | ActiveRecord: 0.2ms)


Started GET "/rails/info/routes" for ::1 at 2019-11-08 11:25:45 +0900
Processing by Rails::InfoController#routes as HTML
  Rendering /Users/shintaniryouhei/.rbenv/versions/2.6.3/lib/ruby/gems/2.6.0/gems/railties-5.1.7/lib/rails/templates/rails/info/routes.html.erb within layouts/application
  Rendered collection of /Users/shintaniryouhei/.rbenv/versions/2.6.3/lib/ruby/gems/2.6.0/gems/actionpack-5.1.7/lib/action_dispatch/middleware/templates/routes/_route.html.erb [8 times] (2.9ms)
  Rendered /Users/shintaniryouhei/.rbenv/versions/2.6.3/lib/ruby/gems/2.6.0/gems/actionpack-5.1.7/lib/action_dispatch/middleware/templates/routes/_table.html.erb (1.9ms)
  Rendered /Users/shintaniryouhei/.rbenv/versions/2.6.3/lib/ruby/gems/2.6.0/gems/railties-5.1.7/lib/rails/templates/rails/info/routes.html.erb within layouts/application (9.1ms)
Completed 200 OK in 14ms (Views: 12.3ms | ActiveRecord: 0.0ms)


Started GET "/rails/info/routes" for ::1 at 2019-11-08 11:25:48 +0900
Processing by Rails::InfoController#routes as HTML
  Rendering /Users/shintaniryouhei/.rbenv/versions/2.6.3/lib/ruby/gems/2.6.0/gems/railties-5.1.7/lib/rails/templates/rails/info/routes.html.erb within layouts/application
  Rendered collection of /Users/shintaniryouhei/.rbenv/versions/2.6.3/lib/ruby/gems/2.6.0/gems/actionpack-5.1.7/lib/action_dispatch/middleware/templates/routes/_route.html.erb [8 times] (2.0ms)
  Rendered /Users/shintaniryouhei/.rbenv/versions/2.6.3/lib/ruby/gems/2.6.0/gems/actionpack-5.1.7/lib/action_dispatch/middleware/templates/routes/_table.html.erb (0.7ms)
  Rendered /Users/shintaniryouhei/.rbenv/versions/2.6.3/lib/ruby/gems/2.6.0/gems/railties-5.1.7/lib/rails/templates/rails/info/routes.html.erb within layouts/application (4.8ms)
Completed 200 OK in 8ms (Views: 7.1ms | ActiveRecord: 0.0ms)


Started GET "/books/new" for ::1 at 2019-11-08 11:27:09 +0900
Processing by BooksController#new as HTML
  Rendering books/new.html.erb within layouts/application
  Rendered books/_form.html.erb (25.8ms)
  Rendered books/new.html.erb within layouts/application (27.1ms)
Completed 200 OK in 40ms (Views: 38.4ms | ActiveRecord: 0.0ms)


Started POST "/books" for ::1 at 2019-11-08 11:27:31 +0900
Processing by BooksController#create as HTML
  Parameters: {"utf8"=>"âœ“", "authenticity_token"=>"Z/emmgCBP6R3GpJ/LCcJdXvn8Hj3Wy7Zu6xjjH3/F1P+DAKhVjhEP3mkDMxLI0rkohYgt7owClZJWD0CNyunWg==", "book"=>{"title"=>"ãƒ‰ãƒ©ãˆã‚‚ã‚“", "memo"=>"æ©Ÿä¼š"}, "commit"=>"Create Book"}
  [1m[35m (0.1ms)[0m  [1m[36mbegin transaction[0m
  [1m[35mSQL (0.5ms)[0m  [1m[32mINSERT INTO "books" ("title", "memo", "created_at", "updated_at") VALUES (?, ?, ?, ?)[0m  [["title", "ãƒ‰ãƒ©ãˆã‚‚ã‚“"], ["memo", "æ©Ÿä¼š"], ["created_at", "2019-11-08 02:27:31.780338"], ["updated_at", "2019-11-08 02:27:31.780338"]]
  [1m[35m (0.8ms)[0m  [1m[36mcommit transaction[0m
Redirected to http://localhost:3000/books/3
Completed 302 Found in 6ms (ActiveRecord: 1.3ms)


Started GET "/books/3" for ::1 at 2019-11-08 11:27:31 +0900
Processing by BooksController#show as HTML
  Parameters: {"id"=>"3"}
  [1m[36mBook Load (0.2ms)[0m  [1m[34mSELECT  "books".* FROM "books" WHERE "books"."id" = ? LIMIT ?[0m  [["id", 3], ["LIMIT", 1]]
  Rendering books/show.html.erb within layouts/application
  Rendered books/show.html.erb within layouts/application (0.5ms)
Completed 200 OK in 9ms (Views: 7.9ms | ActiveRecord: 0.2ms)


Started GET "/books" for ::1 at 2019-11-08 11:27:38 +0900
Processing by BooksController#index as HTML
  Rendering books/index.html.erb within layouts/application
  [1m[36mBook Load (1.1ms)[0m  [1m[34mSELECT "books".* FROM "books"[0m
  Rendered books/index.html.erb within layouts/application (6.0ms)
Completed 200 OK in 21ms (Views: 18.9ms | ActiveRecord: 1.1ms)


Started GET "/rails/info/routes" for ::1 at 2019-11-08 11:27:48 +0900
Processing by Rails::InfoController#routes as HTML
  Rendering /Users/shintaniryouhei/.rbenv/versions/2.6.3/lib/ruby/gems/2.6.0/gems/railties-5.1.7/lib/rails/templates/rails/info/routes.html.erb within layouts/application
  Rendered collection of /Users/shintaniryouhei/.rbenv/versions/2.6.3/lib/ruby/gems/2.6.0/gems/actionpack-5.1.7/lib/action_dispatch/middleware/templates/routes/_route.html.erb [8 times] (1.9ms)
  Rendered /Users/shintaniryouhei/.rbenv/versions/2.6.3/lib/ruby/gems/2.6.0/gems/actionpack-5.1.7/lib/action_dispatch/middleware/templates/routes/_table.html.erb (0.7ms)
  Rendered /Users/shintaniryouhei/.rbenv/versions/2.6.3/lib/ruby/gems/2.6.0/gems/railties-5.1.7/lib/rails/templates/rails/info/routes.html.erb within layouts/application (4.9ms)
Completed 200 OK in 9ms (Views: 6.8ms | ActiveRecord: 0.0ms)


Started GET "/books" for ::1 at 2019-11-08 11:47:42 +0900
  [1m[35m (0.7ms)[0m  [1m[34mSELECT "schema_migrations"."version" FROM "schema_migrations" ORDER BY "schema_migrations"."version" ASC[0m
Processing by BooksController#index as HTML
  Rendering books/index.html.erb within layouts/application
  [1m[36mBook Load (0.6ms)[0m  [1m[34mSELECT "books".* FROM "books"[0m
  Rendered books/index.html.erb within layouts/application (9.4ms)
Completed 200 OK in 235ms (Views: 222.9ms | ActiveRecord: 1.2ms)


Started GET "/rails/info/routes" for ::1 at 2019-11-08 11:47:47 +0900
Processing by Rails::InfoController#routes as HTML
  Rendering /Users/shintaniryouhei/.rbenv/versions/2.6.3/lib/ruby/gems/2.6.0/gems/railties-5.1.7/lib/rails/templates/rails/info/routes.html.erb within layouts/application
  Rendered collection of /Users/shintaniryouhei/.rbenv/versions/2.6.3/lib/ruby/gems/2.6.0/gems/actionpack-5.1.7/lib/action_dispatch/middleware/templates/routes/_route.html.erb [8 times] (33.4ms)
  Rendered /Users/shintaniryouhei/.rbenv/versions/2.6.3/lib/ruby/gems/2.6.0/gems/actionpack-5.1.7/lib/action_dispatch/middleware/templates/routes/_table.html.erb (6.6ms)
  Rendered /Users/shintaniryouhei/.rbenv/versions/2.6.3/lib/ruby/gems/2.6.0/gems/railties-5.1.7/lib/rails/templates/rails/info/routes.html.erb within layouts/application (42.8ms)
Completed 200 OK in 47ms (Views: 45.1ms | ActiveRecord: 0.0ms)


Started GET "/books" for ::1 at 2019-11-15 11:28:02 +0900
  [1m[35m (0.5ms)[0m  [1m[34mSELECT "schema_migrations"."version" FROM "schema_migrations" ORDER BY "schema_migrations"."version" ASC[0m
  
ActiveRecord::PendingMigrationError (

Migrations are pending. To resolve this issue, run:

        bin/rails db:migrate RAILS_ENV=development

):
  
activerecord (5.1.7) lib/active_record/migration.rb:576:in `check_pending!'
activerecord (5.1.7) lib/active_record/migration.rb:553:in `call'
actionpack (5.1.7) lib/action_dispatch/middleware/callbacks.rb:26:in `block in call'
activesupport (5.1.7) lib/active_support/callbacks.rb:97:in `run_callbacks'
actionpack (5.1.7) lib/action_dispatch/middleware/callbacks.rb:24:in `call'
actionpack (5.1.7) lib/action_dispatch/middleware/executor.rb:12:in `call'
actionpack (5.1.7) lib/action_dispatch/middleware/debug_exceptions.rb:59:in `call'
web-console (3.7.0) lib/web_console/middleware.rb:135:in `call_app'
web-console (3.7.0) lib/web_console/middleware.rb:30:in `block in call'
web-console (3.7.0) lib/web_console/middleware.rb:20:in `catch'
web-console (3.7.0) lib/web_console/middleware.rb:20:in `call'
actionpack (5.1.7) lib/action_dispatch/middleware/show_exceptions.rb:31:in `call'
railties (5.1.7) lib/rails/rack/logger.rb:36:in `call_app'
railties (5.1.7) lib/rails/rack/logger.rb:24:in `block in call'
activesupport (5.1.7) lib/active_support/tagged_logging.rb:69:in `block in tagged'
activesupport (5.1.7) lib/active_support/tagged_logging.rb:26:in `tagged'
activesupport (5.1.7) lib/active_support/tagged_logging.rb:69:in `tagged'
railties (5.1.7) lib/rails/rack/logger.rb:24:in `call'
sprockets-rails (3.2.1) lib/sprockets/rails/quiet_assets.rb:13:in `call'
actionpack (5.1.7) lib/action_dispatch/middleware/remote_ip.rb:79:in `call'
actionpack (5.1.7) lib/action_dispatch/middleware/request_id.rb:25:in `call'
rack (2.0.7) lib/rack/method_override.rb:22:in `call'
rack (2.0.7) lib/rack/runtime.rb:22:in `call'
activesupport (5.1.7) lib/active_support/cache/strategy/local_cache_middleware.rb:27:in `call'
actionpack (5.1.7) lib/action_dispatch/middleware/executor.rb:12:in `call'
actionpack (5.1.7) lib/action_dispatch/middleware/static.rb:125:in `call'
rack (2.0.7) lib/rack/sendfile.rb:111:in `call'
railties (5.1.7) lib/rails/engine.rb:522:in `call'
puma (3.12.1) lib/puma/configuration.rb:227:in `call'
puma (3.12.1) lib/puma/server.rb:660:in `handle_request'
puma (3.12.1) lib/puma/server.rb:474:in `process_client'
puma (3.12.1) lib/puma/server.rb:334:in `block in run'
puma (3.12.1) lib/puma/thread_pool.rb:135:in `block in spawn_thread'
Started GET "/books" for ::1 at 2019-11-15 11:29:34 +0900
  [1m[35m (0.4ms)[0m  [1m[34mSELECT "schema_migrations"."version" FROM "schema_migrations" ORDER BY "schema_migrations"."version" ASC[0m
  
ActiveRecord::PendingMigrationError (

Migrations are pending. To resolve this issue, run:

        bin/rails db:migrate RAILS_ENV=development

):
  
activerecord (5.1.7) lib/active_record/migration.rb:576:in `check_pending!'
activerecord (5.1.7) lib/active_record/migration.rb:553:in `call'
actionpack (5.1.7) lib/action_dispatch/middleware/callbacks.rb:26:in `block in call'
activesupport (5.1.7) lib/active_support/callbacks.rb:97:in `run_callbacks'
actionpack (5.1.7) lib/action_dispatch/middleware/callbacks.rb:24:in `call'
actionpack (5.1.7) lib/action_dispatch/middleware/executor.rb:12:in `call'
actionpack (5.1.7) lib/action_dispatch/middleware/debug_exceptions.rb:59:in `call'
web-console (3.7.0) lib/web_console/middleware.rb:135:in `call_app'
web-console (3.7.0) lib/web_console/middleware.rb:30:in `block in call'
web-console (3.7.0) lib/web_console/middleware.rb:20:in `catch'
web-console (3.7.0) lib/web_console/middleware.rb:20:in `call'
actionpack (5.1.7) lib/action_dispatch/middleware/show_exceptions.rb:31:in `call'
railties (5.1.7) lib/rails/rack/logger.rb:36:in `call_app'
railties (5.1.7) lib/rails/rack/logger.rb:24:in `block in call'
activesupport (5.1.7) lib/active_support/tagged_logging.rb:69:in `block in tagged'
activesupport (5.1.7) lib/active_support/tagged_logging.rb:26:in `tagged'
activesupport (5.1.7) lib/active_support/tagged_logging.rb:69:in `tagged'
railties (5.1.7) lib/rails/rack/logger.rb:24:in `call'
sprockets-rails (3.2.1) lib/sprockets/rails/quiet_assets.rb:13:in `call'
actionpack (5.1.7) lib/action_dispatch/middleware/remote_ip.rb:79:in `call'
actionpack (5.1.7) lib/action_dispatch/middleware/request_id.rb:25:in `call'
rack (2.0.7) lib/rack/method_override.rb:22:in `call'
rack (2.0.7) lib/rack/runtime.rb:22:in `call'
activesupport (5.1.7) lib/active_support/cache/strategy/local_cache_middleware.rb:27:in `call'
actionpack (5.1.7) lib/action_dispatch/middleware/executor.rb:12:in `call'
actionpack (5.1.7) lib/action_dispatch/middleware/static.rb:125:in `call'
rack (2.0.7) lib/rack/sendfile.rb:111:in `call'
railties (5.1.7) lib/rails/engine.rb:522:in `call'
puma (3.12.1) lib/puma/configuration.rb:227:in `call'
puma (3.12.1) lib/puma/server.rb:660:in `handle_request'
puma (3.12.1) lib/puma/server.rb:474:in `process_client'
puma (3.12.1) lib/puma/server.rb:334:in `block in run'
puma (3.12.1) lib/puma/thread_pool.rb:135:in `block in spawn_thread'
Started GET "/books" for ::1 at 2019-11-15 11:37:25 +0900
  [1m[35m (1.7ms)[0m  [1m[34mSELECT "schema_migrations"."version" FROM "schema_migrations" ORDER BY "schema_migrations"."version" ASC[0m
  
ActiveRecord::PendingMigrationError (

Migrations are pending. To resolve this issue, run:

        bin/rails db:migrate RAILS_ENV=development

):
  
activerecord (5.1.7) lib/active_record/migration.rb:576:in `check_pending!'
activerecord (5.1.7) lib/active_record/migration.rb:553:in `call'
actionpack (5.1.7) lib/action_dispatch/middleware/callbacks.rb:26:in `block in call'
activesupport (5.1.7) lib/active_support/callbacks.rb:97:in `run_callbacks'
actionpack (5.1.7) lib/action_dispatch/middleware/callbacks.rb:24:in `call'
actionpack (5.1.7) lib/action_dispatch/middleware/executor.rb:12:in `call'
actionpack (5.1.7) lib/action_dispatch/middleware/debug_exceptions.rb:59:in `call'
web-console (3.7.0) lib/web_console/middleware.rb:135:in `call_app'
web-console (3.7.0) lib/web_console/middleware.rb:30:in `block in call'
web-console (3.7.0) lib/web_console/middleware.rb:20:in `catch'
web-console (3.7.0) lib/web_console/middleware.rb:20:in `call'
actionpack (5.1.7) lib/action_dispatch/middleware/show_exceptions.rb:31:in `call'
railties (5.1.7) lib/rails/rack/logger.rb:36:in `call_app'
railties (5.1.7) lib/rails/rack/logger.rb:24:in `block in call'
activesupport (5.1.7) lib/active_support/tagged_logging.rb:69:in `block in tagged'
activesupport (5.1.7) lib/active_support/tagged_logging.rb:26:in `tagged'
activesupport (5.1.7) lib/active_support/tagged_logging.rb:69:in `tagged'
railties (5.1.7) lib/rails/rack/logger.rb:24:in `call'
sprockets-rails (3.2.1) lib/sprockets/rails/quiet_assets.rb:13:in `call'
actionpack (5.1.7) lib/action_dispatch/middleware/remote_ip.rb:79:in `call'
actionpack (5.1.7) lib/action_dispatch/middleware/request_id.rb:25:in `call'
rack (2.0.7) lib/rack/method_override.rb:22:in `call'
rack (2.0.7) lib/rack/runtime.rb:22:in `call'
activesupport (5.1.7) lib/active_support/cache/strategy/local_cache_middleware.rb:27:in `call'
actionpack (5.1.7) lib/action_dispatch/middleware/executor.rb:12:in `call'
actionpack (5.1.7) lib/action_dispatch/middleware/static.rb:125:in `call'
rack (2.0.7) lib/rack/sendfile.rb:111:in `call'
railties (5.1.7) lib/rails/engine.rb:522:in `call'
puma (3.12.1) lib/puma/configuration.rb:227:in `call'
puma (3.12.1) lib/puma/server.rb:660:in `handle_request'
puma (3.12.1) lib/puma/server.rb:474:in `process_client'
puma (3.12.1) lib/puma/server.rb:334:in `block in run'
puma (3.12.1) lib/puma/thread_pool.rb:135:in `block in spawn_thread'
Started GET "/books" for ::1 at 2019-11-15 11:40:09 +0900
  [1m[35m (0.2ms)[0m  [1m[34mSELECT "schema_migrations"."version" FROM "schema_migrations" ORDER BY "schema_migrations"."version" ASC[0m
  
ActiveRecord::PendingMigrationError (

Migrations are pending. To resolve this issue, run:

        bin/rails db:migrate RAILS_ENV=development

):
  
activerecord (5.1.7) lib/active_record/migration.rb:576:in `check_pending!'
activerecord (5.1.7) lib/active_record/migration.rb:553:in `call'
actionpack (5.1.7) lib/action_dispatch/middleware/callbacks.rb:26:in `block in call'
activesupport (5.1.7) lib/active_support/callbacks.rb:97:in `run_callbacks'
actionpack (5.1.7) lib/action_dispatch/middleware/callbacks.rb:24:in `call'
actionpack (5.1.7) lib/action_dispatch/middleware/executor.rb:12:in `call'
actionpack (5.1.7) lib/action_dispatch/middleware/debug_exceptions.rb:59:in `call'
web-console (3.7.0) lib/web_console/middleware.rb:135:in `call_app'
web-console (3.7.0) lib/web_console/middleware.rb:30:in `block in call'
web-console (3.7.0) lib/web_console/middleware.rb:20:in `catch'
web-console (3.7.0) lib/web_console/middleware.rb:20:in `call'
actionpack (5.1.7) lib/action_dispatch/middleware/show_exceptions.rb:31:in `call'
railties (5.1.7) lib/rails/rack/logger.rb:36:in `call_app'
railties (5.1.7) lib/rails/rack/logger.rb:24:in `block in call'
activesupport (5.1.7) lib/active_support/tagged_logging.rb:69:in `block in tagged'
activesupport (5.1.7) lib/active_support/tagged_logging.rb:26:in `tagged'
activesupport (5.1.7) lib/active_support/tagged_logging.rb:69:in `tagged'
railties (5.1.7) lib/rails/rack/logger.rb:24:in `call'
sprockets-rails (3.2.1) lib/sprockets/rails/quiet_assets.rb:13:in `call'
actionpack (5.1.7) lib/action_dispatch/middleware/remote_ip.rb:79:in `call'
actionpack (5.1.7) lib/action_dispatch/middleware/request_id.rb:25:in `call'
rack (2.0.7) lib/rack/method_override.rb:22:in `call'
rack (2.0.7) lib/rack/runtime.rb:22:in `call'
activesupport (5.1.7) lib/active_support/cache/strategy/local_cache_middleware.rb:27:in `call'
actionpack (5.1.7) lib/action_dispatch/middleware/executor.rb:12:in `call'
actionpack (5.1.7) lib/action_dispatch/middleware/static.rb:125:in `call'
rack (2.0.7) lib/rack/sendfile.rb:111:in `call'
railties (5.1.7) lib/rails/engine.rb:522:in `call'
puma (3.12.1) lib/puma/configuration.rb:227:in `call'
puma (3.12.1) lib/puma/server.rb:660:in `handle_request'
puma (3.12.1) lib/puma/server.rb:474:in `process_client'
puma (3.12.1) lib/puma/server.rb:334:in `block in run'
puma (3.12.1) lib/puma/thread_pool.rb:135:in `block in spawn_thread'
Started GET "/books" for ::1 at 2019-11-15 11:44:26 +0900
  [1m[35m (0.1ms)[0m  [1m[34mSELECT "schema_migrations"."version" FROM "schema_migrations" ORDER BY "schema_migrations"."version" ASC[0m
  
ActiveRecord::PendingMigrationError (

Migrations are pending. To resolve this issue, run:

        bin/rails db:migrate RAILS_ENV=development

):
  
activerecord (5.1.7) lib/active_record/migration.rb:576:in `check_pending!'
activerecord (5.1.7) lib/active_record/migration.rb:553:in `call'
actionpack (5.1.7) lib/action_dispatch/middleware/callbacks.rb:26:in `block in call'
activesupport (5.1.7) lib/active_support/callbacks.rb:97:in `run_callbacks'
actionpack (5.1.7) lib/action_dispatch/middleware/callbacks.rb:24:in `call'
actionpack (5.1.7) lib/action_dispatch/middleware/executor.rb:12:in `call'
actionpack (5.1.7) lib/action_dispatch/middleware/debug_exceptions.rb:59:in `call'
web-console (3.7.0) lib/web_console/middleware.rb:135:in `call_app'
web-console (3.7.0) lib/web_console/middleware.rb:30:in `block in call'
web-console (3.7.0) lib/web_console/middleware.rb:20:in `catch'
web-console (3.7.0) lib/web_console/middleware.rb:20:in `call'
actionpack (5.1.7) lib/action_dispatch/middleware/show_exceptions.rb:31:in `call'
railties (5.1.7) lib/rails/rack/logger.rb:36:in `call_app'
railties (5.1.7) lib/rails/rack/logger.rb:24:in `block in call'
activesupport (5.1.7) lib/active_support/tagged_logging.rb:69:in `block in tagged'
activesupport (5.1.7) lib/active_support/tagged_logging.rb:26:in `tagged'
activesupport (5.1.7) lib/active_support/tagged_logging.rb:69:in `tagged'
railties (5.1.7) lib/rails/rack/logger.rb:24:in `call'
sprockets-rails (3.2.1) lib/sprockets/rails/quiet_assets.rb:13:in `call'
actionpack (5.1.7) lib/action_dispatch/middleware/remote_ip.rb:79:in `call'
actionpack (5.1.7) lib/action_dispatch/middleware/request_id.rb:25:in `call'
rack (2.0.7) lib/rack/method_override.rb:22:in `call'
rack (2.0.7) lib/rack/runtime.rb:22:in `call'
activesupport (5.1.7) lib/active_support/cache/strategy/local_cache_middleware.rb:27:in `call'
actionpack (5.1.7) lib/action_dispatch/middleware/executor.rb:12:in `call'
actionpack (5.1.7) lib/action_dispatch/middleware/static.rb:125:in `call'
rack (2.0.7) lib/rack/sendfile.rb:111:in `call'
railties (5.1.7) lib/rails/engine.rb:522:in `call'
puma (3.12.1) lib/puma/configuration.rb:227:in `call'
puma (3.12.1) lib/puma/server.rb:660:in `handle_request'
puma (3.12.1) lib/puma/server.rb:474:in `process_client'
puma (3.12.1) lib/puma/server.rb:334:in `block in run'
puma (3.12.1) lib/puma/thread_pool.rb:135:in `block in spawn_thread'
  [1m[35m (0.7ms)[0m  [1m[34mSELECT "schema_migrations"."version" FROM "schema_migrations" ORDER BY "schema_migrations"."version" ASC[0m
Migrating to AddAuthorToBooks (20191115010900)
  [1m[35m (0.1ms)[0m  [1m[36mbegin transaction[0m
  [1m[35m (3.5ms)[0m  [1m[35mALTER TABLE "books" ADD "author" varchar[0m
  [1m[35mSQL (1.1ms)[0m  [1m[32mINSERT INTO "schema_migrations" ("version") VALUES (?)[0m  [["version", "20191115010900"]]
  [1m[35m (2.3ms)[0m  [1m[36mcommit transaction[0m
  [1m[36mActiveRecord::InternalMetadata Load (1.1ms)[0m  [1m[34mSELECT  "ar_internal_metadata".* FROM "ar_internal_metadata" WHERE "ar_internal_metadata"."key" = ? LIMIT ?[0m  [["key", "environment"], ["LIMIT", 1]]
  [1m[35m (0.1ms)[0m  [1m[36mbegin transaction[0m
  [1m[35m (0.0ms)[0m  [1m[36mcommit transaction[0m
  [1m[35m (0.2ms)[0m  [1m[34mSELECT "schema_migrations"."version" FROM "schema_migrations" ORDER BY "schema_migrations"."version" ASC[0m
Started GET "/books" for ::1 at 2019-11-15 11:45:44 +0900
  [1m[35m (0.2ms)[0m  [1m[34mSELECT "schema_migrations"."version" FROM "schema_migrations" ORDER BY "schema_migrations"."version" ASC[0m
Processing by BooksController#index as HTML
Completed 500 Internal Server Error in 112ms (ActiveRecord: 0.0ms)


  
NameError (undefined local variable or method `through' for #<BooksController:0x00007fe65b0728a0>
Did you mean?  throw):
  
app/controllers/books_controller.rb:5:in `index'
Started GET "/books" for ::1 at 2019-11-15 11:46:26 +0900
  
SyntaxError (/Users/shintaniryouhei/Documents/fujiwara/learning-framework1/books_app/app/controllers/books_controller.rb:11: syntax error, unexpected end-of-input, expecting end):
  
app/controllers/books_controller.rb:11: syntax error, unexpected end-of-input, expecting end
Started GET "/books" for ::1 at 2019-11-15 11:46:39 +0900
  
SyntaxError (/Users/shintaniryouhei/Documents/fujiwara/learning-framework1/books_app/app/controllers/books_controller.rb:11: syntax error, unexpected end-of-input, expecting end):
  
app/controllers/books_controller.rb:11: syntax error, unexpected end-of-input, expecting end
Started GET "/books" for ::1 at 2019-11-15 11:47:15 +0900
  
SyntaxError (/Users/shintaniryouhei/Documents/fujiwara/learning-framework1/books_app/app/controllers/books_controller.rb:10: syntax error, unexpected end-of-input, expecting end):
  
app/controllers/books_controller.rb:10: syntax error, unexpected end-of-input, expecting end
Started GET "/books" for ::1 at 2019-11-15 11:47:40 +0900
  
SyntaxError (/Users/shintaniryouhei/Documents/fujiwara/learning-framework1/books_app/app/controllers/books_controller.rb:11: syntax error, unexpected end-of-input, expecting end):
  
app/controllers/books_controller.rb:11: syntax error, unexpected end-of-input, expecting end
Started GET "/books" for ::1 at 2019-11-15 11:48:14 +0900
Processing by BooksController#index as HTML
  Rendering books/index.html.erb within layouts/application
  Rendered books/index.html.erb within layouts/application (1.7ms)
Completed 500 Internal Server Error in 4ms


  
ActionView::Template::Error (undefined method `each' for nil:NilClass):
    15:   </tr>
    16: </thead>
    17: <tbody>
    18:   <% @books.each do |book| %>
    19:     <tr>
    20:       <td><%= book.title %></td>
    21:       <td><%= book.memo %></td>
  
app/views/books/index.html.erb:18:in `_app_views_books_index_html_erb__3912565693518173776_70313658999860'
Started GET "/books" for ::1 at 2019-11-15 11:49:02 +0900
Processing by BooksController#index as HTML
  Rendering books/index.html.erb within layouts/application
  Rendered books/index.html.erb within layouts/application (5.7ms)
Completed 500 Internal Server Error in 8ms


  
SyntaxError (/Users/shintaniryouhei/Documents/fujiwara/learning-framework1/books_app/app/views/books/index.html.erb:36: syntax error, unexpected ensure, expecting end-of-input
          ensure
          ^~~~~~):
  
app/views/books/index.html.erb:36: syntax error, unexpected ensure, expecting end-of-input
Started GET "/books" for ::1 at 2019-11-15 11:49:34 +0900
Processing by BooksController#index as HTML
  Rendering books/index.html.erb within layouts/application
  Rendered books/index.html.erb within layouts/application (0.5ms)
Completed 500 Internal Server Error in 3ms


  
SyntaxError (/Users/shintaniryouhei/Documents/fujiwara/learning-framework1/books_app/app/views/books/index.html.erb:38: syntax error, unexpected ensure, expecting end-of-input
          ensure
          ^~~~~~):
  
app/views/books/index.html.erb:38: syntax error, unexpected ensure, expecting end-of-input
Started GET "/books" for ::1 at 2019-11-15 11:50:24 +0900
Processing by BooksController#index as HTML
  Rendering books/index.html.erb within layouts/application
  Rendered books/index.html.erb within layouts/application (1.9ms)
Completed 500 Internal Server Error in 4ms


  
ActionView::Template::Error (undefined method `each' for nil:NilClass):
    15:   </tr>
    16: </thead>
    17: <tbody>
    18:   <% @books.each do |book| %>
    19:     <tr>
    20:       <td><%= book.title %></td>
    21:       <td><%= book.memo %></td>
  
app/views/books/index.html.erb:18:in `_app_views_books_index_html_erb__3912565693518173776_70313645178980'
Started GET "/books" for ::1 at 2019-11-15 11:51:09 +0900
Processing by BooksController#index as HTML
  Rendering books/index.html.erb within layouts/application
  Rendered books/index.html.erb within layouts/application (1.7ms)
Completed 500 Internal Server Error in 5ms


  
ActionView::Template::Error (undefined method `each' for nil:NilClass):
    15:   </tr>
    16: </thead>
    17: <tbody>
    18:   <% @books.each do |book| %>
    19:     <tr>
    20:       <td><%= book.title %></td>
    21:       <td><%= book.memo %></td>
  
app/views/books/index.html.erb:18:in `_app_views_books_index_html_erb__3912565693518173776_70313657942960'
Started GET "/books" for ::1 at 2019-11-15 11:51:35 +0900
  
SyntaxError (/Users/shintaniryouhei/Documents/fujiwara/learning-framework1/books_app/app/controllers/books_controller.rb:11: syntax error, unexpected end-of-input, expecting end):
  
app/controllers/books_controller.rb:11: syntax error, unexpected end-of-input, expecting end
Started GET "/books" for ::1 at 2019-11-15 11:52:07 +0900
  
SyntaxError (/Users/shintaniryouhei/Documents/fujiwara/learning-framework1/books_app/app/controllers/books_controller.rb:11: syntax error, unexpected end-of-input, expecting end):
  
app/controllers/books_controller.rb:11: syntax error, unexpected end-of-input, expecting end
Started GET "/books" for ::1 at 2019-11-15 11:52:17 +0900
  
SyntaxError (/Users/shintaniryouhei/Documents/fujiwara/learning-framework1/books_app/app/controllers/books_controller.rb:11: syntax error, unexpected end-of-input, expecting end):
  
app/controllers/books_controller.rb:11: syntax error, unexpected end-of-input, expecting end
Started GET "/books" for ::1 at 2019-11-15 11:53:00 +0900
Processing by BooksController#index as HTML
  Rendering books/index.html.erb within layouts/application
  Rendered books/index.html.erb within layouts/application (2.3ms)
Completed 500 Internal Server Error in 6ms


  
ActionView::Template::Error (undefined method `each' for nil:NilClass):
    15:   </tr>
    16: </thead>
    17: <tbody>
    18:   <% @books.each do |book| %>
    19:     <tr>
    20:       <td><%= book.title %></td>
    21:       <td><%= book.memo %></td>
  
app/views/books/index.html.erb:18:in `_app_views_books_index_html_erb__3912565693518173776_70313647657160'
Started GET "/books" for ::1 at 2019-11-15 11:53:06 +0900
  
SyntaxError (/Users/shintaniryouhei/Documents/fujiwara/learning-framework1/books_app/app/controllers/books_controller.rb:13: syntax error, unexpected end-of-input, expecting end):
  
app/controllers/books_controller.rb:13: syntax error, unexpected end-of-input, expecting end
Started GET "/books" for ::1 at 2019-11-15 11:53:40 +0900
Processing by BooksController#index as HTML
  Rendering books/index.html.erb within layouts/application
  Rendered books/index.html.erb within layouts/application (1.4ms)
Completed 500 Internal Server Error in 3ms


  
ActionView::Template::Error (undefined method `each' for nil:NilClass):
    15:   </tr>
    16: </thead>
    17: <tbody>
    18:   <% @books.each do |book| %>
    19:     <tr>
    20:       <td><%= book.title %></td>
    21:       <td><%= book.memo %></td>
  
app/views/books/index.html.erb:18:in `_app_views_books_index_html_erb__3912565693518173776_70313658879020'
Started GET "/books" for ::1 at 2019-11-15 11:57:16 +0900
Processing by BooksController#index as HTML
  Rendering books/index.html.erb within layouts/application
  Rendered books/index.html.erb within layouts/application (2.2ms)
Completed 500 Internal Server Error in 5ms


  
ActionView::Template::Error (undefined method `each' for nil:NilClass):
    14:   </tr>
    15: </thead>
    16: <tbody>
    17:   <% @books.each do |book| %>
    18:     <tr>
    19:       <td><%= book.title %></td>
    20:       <td><%= book.memo %></td>
  
app/views/books/index.html.erb:17:in `_app_views_books_index_html_erb__3912565693518173776_70313659509940'
Started GET "/books" for ::1 at 2019-11-15 11:57:30 +0900
Processing by BooksController#index as HTML
  Rendering books/index.html.erb within layouts/application
  Rendered books/index.html.erb within layouts/application (2.0ms)
Completed 500 Internal Server Error in 5ms


  
ActionView::Template::Error (undefined method `each' for nil:NilClass):
    15:   </tr>
    16: </thead>
    17: <tbody>
    18:   <% @books.each do |book| %>
    19:     <tr>
    20:       <td><%= book.title %></td>
    21:       <td><%= book.memo %></td>
  
app/views/books/index.html.erb:18:in `_app_views_books_index_html_erb__3912565693518173776_70313640544600'
Started GET "/books" for ::1 at 2019-11-15 11:57:40 +0900
Processing by BooksController#index as HTML
  Rendering books/index.html.erb within layouts/application
  Rendered books/index.html.erb within layouts/application (0.7ms)
Completed 500 Internal Server Error in 2ms


  
SyntaxError (/Users/shintaniryouhei/Documents/fujiwara/learning-framework1/books_app/app/views/books/index.html.erb:36: syntax error, unexpected ensure, expecting end-of-input
          ensure
          ^~~~~~):
  
app/views/books/index.html.erb:36: syntax error, unexpected ensure, expecting end-of-input
Started GET "/books" for ::1 at 2019-11-15 11:58:46 +0900
Processing by BooksController#index as HTML
  Rendering books/index.html.erb within layouts/application
  Rendered books/index.html.erb within layouts/application (0.4ms)
Completed 500 Internal Server Error in 2ms


  
SyntaxError (/Users/shintaniryouhei/Documents/fujiwara/learning-framework1/books_app/app/views/books/index.html.erb:36: syntax error, unexpected ensure, expecting end-of-input
          ensure
          ^~~~~~):
  
app/views/books/index.html.erb:36: syntax error, unexpected ensure, expecting end-of-input
Started GET "/books" for ::1 at 2019-11-15 11:58:52 +0900
Processing by BooksController#index as HTML
  Rendering books/index.html.erb within layouts/application
  Rendered books/index.html.erb within layouts/application (1.3ms)
Completed 500 Internal Server Error in 3ms


  
ActionView::Template::Error (undefined method `each' for nil:NilClass):
    15:   </tr>
    16: </thead>
    17: <tbody>
    18:   <% @books.each do |book| %>
    19:     <tr>
    20:       <td><%= book.title %></td>
    21:       <td><%= book.memo %></td>
  
app/views/books/index.html.erb:18:in `_app_views_books_index_html_erb__3912565693518173776_70313640587540'
Started GET "/books" for ::1 at 2019-11-15 12:03:51 +0900
Processing by BooksController#index as HTML
  Rendering books/index.html.erb within layouts/application
  Rendered books/index.html.erb within layouts/application (3.3ms)
Completed 500 Internal Server Error in 8ms


  
ActionView::Template::Error (undefined method `each' for nil:NilClass):
    13:   </tr>
    14: </thead>
    15: <tbody>
    16:   <% @books.each do |book| %>
    17:     <tr>
    18:       <td><%= book.title %></td>
    19:       <td><%= book.memo %></td>
  
app/views/books/index.html.erb:16:in `_app_views_books_index_html_erb__3912565693518173776_70313674120520'
Started GET "/books" for ::1 at 2019-11-15 12:07:07 +0900
Processing by BooksController#index as HTML
  Rendering books/index.html.erb within layouts/application
  [1m[36mBook Load (0.6ms)[0m  [1m[34mSELECT "books".* FROM "books"[0m
  Rendered books/index.html.erb within layouts/application (21.1ms)
Completed 200 OK in 242ms (Views: 237.3ms | ActiveRecord: 1.4ms)


Started GET "/books/new" for ::1 at 2019-11-15 12:07:22 +0900
Processing by BooksController#new as HTML
  Rendering books/new.html.erb within layouts/application
  Rendered books/_form.html.erb (22.9ms)
  Rendered books/new.html.erb within layouts/application (60.1ms)
Completed 200 OK in 72ms (Views: 69.3ms | ActiveRecord: 0.0ms)


  [1m[36mBook Load (0.6ms)[0m  [1m[34mSELECT  "books".* FROM "books" ORDER BY "books"."id" ASC LIMIT ?[0m  [["LIMIT", 1]]
Started GET "/books/new" for ::1 at 2019-11-15 13:18:46 +0900
  [1m[35m (0.2ms)[0m  [1m[34mSELECT "schema_migrations"."version" FROM "schema_migrations" ORDER BY "schema_migrations"."version" ASC[0m
  
ActiveRecord::PendingMigrationError (

Migrations are pending. To resolve this issue, run:

        bin/rails db:migrate RAILS_ENV=development

):
  
activerecord (5.1.7) lib/active_record/migration.rb:576:in `check_pending!'
activerecord (5.1.7) lib/active_record/migration.rb:553:in `call'
actionpack (5.1.7) lib/action_dispatch/middleware/callbacks.rb:26:in `block in call'
activesupport (5.1.7) lib/active_support/callbacks.rb:97:in `run_callbacks'
actionpack (5.1.7) lib/action_dispatch/middleware/callbacks.rb:24:in `call'
actionpack (5.1.7) lib/action_dispatch/middleware/executor.rb:12:in `call'
actionpack (5.1.7) lib/action_dispatch/middleware/debug_exceptions.rb:59:in `call'
web-console (3.7.0) lib/web_console/middleware.rb:135:in `call_app'
web-console (3.7.0) lib/web_console/middleware.rb:30:in `block in call'
web-console (3.7.0) lib/web_console/middleware.rb:20:in `catch'
web-console (3.7.0) lib/web_console/middleware.rb:20:in `call'
actionpack (5.1.7) lib/action_dispatch/middleware/show_exceptions.rb:31:in `call'
railties (5.1.7) lib/rails/rack/logger.rb:36:in `call_app'
railties (5.1.7) lib/rails/rack/logger.rb:24:in `block in call'
activesupport (5.1.7) lib/active_support/tagged_logging.rb:69:in `block in tagged'
activesupport (5.1.7) lib/active_support/tagged_logging.rb:26:in `tagged'
activesupport (5.1.7) lib/active_support/tagged_logging.rb:69:in `tagged'
railties (5.1.7) lib/rails/rack/logger.rb:24:in `call'
sprockets-rails (3.2.1) lib/sprockets/rails/quiet_assets.rb:13:in `call'
actionpack (5.1.7) lib/action_dispatch/middleware/remote_ip.rb:79:in `call'
actionpack (5.1.7) lib/action_dispatch/middleware/request_id.rb:25:in `call'
rack (2.0.7) lib/rack/method_override.rb:22:in `call'
rack (2.0.7) lib/rack/runtime.rb:22:in `call'
activesupport (5.1.7) lib/active_support/cache/strategy/local_cache_middleware.rb:27:in `call'
actionpack (5.1.7) lib/action_dispatch/middleware/executor.rb:12:in `call'
actionpack (5.1.7) lib/action_dispatch/middleware/static.rb:125:in `call'
rack (2.0.7) lib/rack/sendfile.rb:111:in `call'
railties (5.1.7) lib/rails/engine.rb:522:in `call'
puma (3.12.1) lib/puma/configuration.rb:227:in `call'
puma (3.12.1) lib/puma/server.rb:660:in `handle_request'
puma (3.12.1) lib/puma/server.rb:474:in `process_client'
puma (3.12.1) lib/puma/server.rb:334:in `block in run'
puma (3.12.1) lib/puma/thread_pool.rb:135:in `block in spawn_thread'
  [1m[36mBook Load (0.6ms)[0m  [1m[34mSELECT  "books".* FROM "books" ORDER BY "books"."id" ASC LIMIT ?[0m  [["LIMIT", 1]]
